#
# There is insufficient memory for the Java Runtime Environment to continue.
# Native memory allocation (mmap) failed to map 132120576 bytes for Failed to commit area from 0x0000000083600000 to 0x000000008b400000 of length 132120576.
# Possible reasons:
#   The system is out of physical RAM or swap space
#   The process is running with CompressedOops enabled, and the Java Heap may be blocking the growth of the native heap
# Possible solutions:
#   Reduce memory load on the system
#   Increase physical memory or swap space
#   Check if swap backing store is full
#   Decrease Java heap size (-Xmx/-Xms)
#   Decrease number of Java threads
#   Decrease Java thread stack sizes (-Xss)
#   Set larger code cache with -XX:ReservedCodeCacheSize=
# This output file may be truncated or incomplete.
#
#  Out of Memory Error (./src/hotspot/os/windows/os_windows.cpp:3387), pid=10952, tid=5460
#
# JRE version:  (11.0.14+9) (build )
# Java VM: OpenJDK 64-Bit Server VM (11.0.14+9-LTS, mixed mode, sharing, tiered, compressed oops, g1 gc, windows-amd64)
# No core dump will be written. Minidumps are not enabled by default on client versions of Windows
#

---------------  S U M M A R Y ------------

Command Line: -ea -javaagent:C:\Users\sarap\AppData\Local\JetBrains\IdeaIC2021.3\testAgent\intellij-coverage-agent-1.0.613.jar=C:\Users\sarap\AppData\Local\Temp\coverageargs -Didea.new.sampling.coverage=true -Dcoverage.ignore.private.constructor.util.class=true -Didea.test.cyclic.buffer.size=1048576 -javaagent:C:\Program Files\JetBrains\IntelliJ IDEA Community Edition 2021.3.2\lib\idea_rt.jar=51808:C:\Program Files\JetBrains\IntelliJ IDEA Community Edition 2021.3.2\bin -Dfile.encoding=UTF-8 com.intellij.rt.junit.JUnitStarter -ideVersion5 -junit5 BonusServiceTest

Host: Intel(R) Core(TM) i3-9100T CPU @ 3.10GHz, 4 cores, 7G,  Windows 10 , 64 bit Build 19041 (10.0.19041.1503)
Time: Mon Feb 21 21:20:50 2022 RTZ 3 (зима) elapsed time: 0.037952 seconds (0d 0h 0m 0s)

---------------  T H R E A D  ---------------

Current thread (0x00000268fe511000):  JavaThread "Unknown thread" [_thread_in_vm, id=5460, stack(0x000000df98000000,0x000000df98100000)]

Stack: [0x000000df98000000,0x000000df98100000]
Native frames: (J=compiled Java code, j=interpreted, Vv=VM code, C=native code)
V  [jvm.dll+0x61e62a]
V  [jvm.dll+0x7ab569]
V  [jvm.dll+0x7acc58]
V  [jvm.dll+0x7ad333]
V  [jvm.dll+0x24f7f8]
V  [jvm.dll+0x61b8ca]
V  [jvm.dll+0x610155]
V  [jvm.dll+0x30756c]
V  [jvm.dll+0x3073f2]
V  [jvm.dll+0x30c116]
V  [jvm.dll+0x3527bf]
V  [jvm.dll+0x3521f0]
V  [jvm.dll+0x2e4568]
V  [jvm.dll+0x2e56c6]
V  [jvm.dll+0x785407]
V  [jvm.dll+0x786b8f]
V  [jvm.dll+0x35f4f9]
V  [jvm.dll+0x7683a0]
V  [jvm.dll+0x3ccf9f]
V  [jvm.dll+0x3cf331]
C  [jli.dll+0x5207]
C  [ucrtbase.dll+0x21bb2]
C  [KERNEL32.DLL+0x17034]
C  [ntdll.dll+0x52651]


---------------  P R O C E S S  ---------------

Threads class SMR info:
_java_thread_list=0x00000268fc2b1e80, length=0, elements={
}

Java Threads: ( => current thread )

Other Threads:
  0x00000268fe529800 GCTaskThread "GC Thread#0" [stack: 0x000000df98100000,0x000000df98200000] [id=18544]
  0x00000268fe55d800 ConcurrentGCThread "G1 Main Marker" [stack: 0x000000df98200000,0x000000df98300000] [id=2888]
  0x00000268fe560800 ConcurrentGCThread "G1 Conc#0" [stack: 0x000000df98300000,0x000000df98400000] [id=9788]

[error occurred during error reporting (printing all threads), id 0xc0000005, EXCEPTION_ACCESS_VIOLATION (0xc0000005) at pc=0x00007ffb41fc3d37]

VM state:not at safepoint (not fully initialized)

VM Mutex/Monitor currently owned by a thread:  ([mutex/lock_event])
[0x00000268fe50e1b0] Heap_lock - owner thread: 0x00000268fe511000

Heap address: 0x0000000083600000, size: 1994 MB, Compressed Oops mode: Non-zero based: 0x0000000083600000
Narrow klass base: 0x0000000000000000, Narrow klass shift: 0

GC Heap History (0 events):
No events

Deoptimization events (0 events):
No events

Classes redefined (0 events):
No events

Internal exceptions (0 events):
No events

Events (1 events):
Event: 0.026 Loaded shared library C:\Users\sarap\.jdks\corretto-11.0.14\bin\zip.dll


Dynamic libraries:
0x00007ff709d50000 - 0x00007ff709d5d000 	C:\Users\sarap\.jdks\corretto-11.0.14\bin\java.exe
0x00007ffba01d0000 - 0x00007ffba03c5000 	C:\WINDOWS\SYSTEM32\ntdll.dll
0x00007ffb68260000 - 0x00007ffb68276000 	C:\Program Files\Avast Software\Avast\aswhook.dll
0x00007ffb9ec30000 - 0x00007ffb9ecee000 	C:\WINDOWS\System32\KERNEL32.DLL
0x00007ffb9db80000 - 0x00007ffb9de48000 	C:\WINDOWS\System32\KERNELBASE.dll
0x00007ffb9d8e0000 - 0x00007ffb9d9e0000 	C:\WINDOWS\System32\ucrtbase.dll
0x00007ffb997f0000 - 0x00007ffb99809000 	C:\Users\sarap\.jdks\corretto-11.0.14\bin\VCRUNTIME140.dll
0x00007ffb99810000 - 0x00007ffb99827000 	C:\Users\sarap\.jdks\corretto-11.0.14\bin\jli.dll
0x00007ffb9fe40000 - 0x00007ffb9ffe0000 	C:\WINDOWS\System32\USER32.dll
0x00007ffb9e030000 - 0x00007ffb9e052000 	C:\WINDOWS\System32\win32u.dll
0x00007ffb9e2c0000 - 0x00007ffb9e2eb000 	C:\WINDOWS\System32\GDI32.dll
0x00007ffb9e110000 - 0x00007ffb9e21d000 	C:\WINDOWS\System32\gdi32full.dll
0x00007ffb88b90000 - 0x00007ffb88e2a000 	C:\WINDOWS\WinSxS\amd64_microsoft.windows.common-controls_6595b64144ccf1df_6.0.19041.1110_none_60b5254171f9507e\COMCTL32.dll
0x00007ffb9e970000 - 0x00007ffb9ea0e000 	C:\WINDOWS\System32\msvcrt.dll
0x00007ffb9dae0000 - 0x00007ffb9db7d000 	C:\WINDOWS\System32\msvcp_win.dll
0x00007ffb9ed80000 - 0x00007ffb9edb0000 	C:\WINDOWS\System32\IMM32.DLL
0x00007ffb99750000 - 0x00007ffb997eb000 	C:\Users\sarap\.jdks\corretto-11.0.14\bin\msvcp140.dll
0x00007ffb41cd0000 - 0x00007ffb42853000 	C:\Users\sarap\.jdks\corretto-11.0.14\bin\server\jvm.dll
0x00007ffb9fd90000 - 0x00007ffb9fe3e000 	C:\WINDOWS\System32\ADVAPI32.dll
0x00007ffb9e220000 - 0x00007ffb9e2bc000 	C:\WINDOWS\System32\sechost.dll
0x00007ffb9e840000 - 0x00007ffb9e965000 	C:\WINDOWS\System32\RPCRT4.dll
0x00007ffb9e830000 - 0x00007ffb9e838000 	C:\WINDOWS\System32\PSAPI.DLL
0x00007ffb87190000 - 0x00007ffb87199000 	C:\WINDOWS\SYSTEM32\WSOCK32.dll
0x00007ffb9eaf0000 - 0x00007ffb9eb5b000 	C:\WINDOWS\System32\WS2_32.dll
0x00007ffb890b0000 - 0x00007ffb890d7000 	C:\WINDOWS\SYSTEM32\WINMM.dll
0x00007ffb95280000 - 0x00007ffb9528a000 	C:\WINDOWS\SYSTEM32\VERSION.dll
0x00007ffb9b7f0000 - 0x00007ffb9b802000 	C:\WINDOWS\SYSTEM32\kernel.appcore.dll
0x00007ffb99740000 - 0x00007ffb99750000 	C:\Users\sarap\.jdks\corretto-11.0.14\bin\verify.dll
0x00007ffb89170000 - 0x00007ffb89354000 	C:\WINDOWS\SYSTEM32\DBGHELP.DLL
0x00007ffb89140000 - 0x00007ffb8916c000 	C:\WINDOWS\SYSTEM32\dbgcore.DLL
0x00007ffb9da50000 - 0x00007ffb9dad2000 	C:\WINDOWS\System32\bcryptPrimitives.dll
0x00007ffb99710000 - 0x00007ffb99738000 	C:\Users\sarap\.jdks\corretto-11.0.14\bin\java.dll
0x00007ffb99700000 - 0x00007ffb9970a000 	C:\Users\sarap\.jdks\corretto-11.0.14\bin\jimage.dll
0x00007ffb97b30000 - 0x00007ffb97b3e000 	C:\Users\sarap\.jdks\corretto-11.0.14\bin\instrument.dll
0x00007ffb996e0000 - 0x00007ffb996f8000 	C:\Users\sarap\.jdks\corretto-11.0.14\bin\zip.dll

dbghelp: loaded successfully - version: 4.0.5 - missing functions: none
symbol engine: initialized successfully - sym options: 0x614 - pdb path: .;C:\Users\sarap\.jdks\corretto-11.0.14\bin;C:\WINDOWS\SYSTEM32;C:\Program Files\Avast Software\Avast;C:\WINDOWS\WinSxS\amd64_microsoft.windows.common-controls_6595b64144ccf1df_6.0.19041.1110_none_60b5254171f9507e;C:\Users\sarap\.jdks\corretto-11.0.14\bin\server

VM Arguments:
jvm_args: -ea -javaagent:C:\Users\sarap\AppData\Local\JetBrains\IdeaIC2021.3\testAgent\intellij-coverage-agent-1.0.613.jar=C:\Users\sarap\AppData\Local\Temp\coverageargs -Didea.new.sampling.coverage=true -Dcoverage.ignore.private.constructor.util.class=true -Didea.test.cyclic.buffer.size=1048576 -javaagent:C:\Program Files\JetBrains\IntelliJ IDEA Community Edition 2021.3.2\lib\idea_rt.jar=51808:C:\Program Files\JetBrains\IntelliJ IDEA Community Edition 2021.3.2\bin -Dfile.encoding=UTF-8 
java_command: com.intellij.rt.junit.JUnitStarter -ideVersion5 -junit5 BonusServiceTest
java_class_path (initial): C:\Users\sarap\.m2\repository\org\junit\platform\junit-platform-launcher\1.7.0\junit-platform-launcher-1.7.0.jar;C:\Program Files\JetBrains\IntelliJ IDEA Community Edition 2021.3.2\lib\idea_rt.jar;C:\Program Files\JetBrains\IntelliJ IDEA Community Edition 2021.3.2\plugins\junit\lib\junit5-rt.jar;C:\Program Files\JetBrains\IntelliJ IDEA Community Edition 2021.3.2\plugins\junit\lib\junit-rt.jar;C:\Users\sarap\IdeaProjects\bonus-Maven-Test\target\test-classes;C:\Users\sarap\IdeaProjects\bonus-Maven-Test\target\classes;C:\Users\sarap\.m2\repository\org\junit\jupiter\junit-jupiter\5.7.0\junit-jupiter-5.7.0.jar;C:\Users\sarap\.m2\repository\org\junit\jupiter\junit-jupiter-api\5.7.0\junit-jupiter-api-5.7.0.jar;C:\Users\sarap\.m2\repository\org\apiguardian\apiguardian-api\1.1.0\apiguardian-api-1.1.0.jar;C:\Users\sarap\.m2\repository\org\opentest4j\opentest4j\1.2.0\opentest4j-1.2.0.jar;C:\Users\sarap\.m2\repository\org\junit\platform\junit-platform-commons\1.7.0\junit-platform-commons-1.7.0.jar;C:\Users\sarap\.m2\repository\org\junit\jupiter\junit-jupiter-params\5.7.0\junit-jupiter-params-5.7.0.jar;C:\Users\sarap\.m2\repository\org\junit\jupiter\junit-jupiter-engine\5.7.0\junit-jupiter-engine-5.7.0.jar;C:\Users\sarap\.m2\repository\org\junit\platform\junit-platform-engine\1.7.0\junit-platform-engine-1.7.0.jar
Launcher Type: SUN_STANDARD

[Global flags]
     intx CICompilerCount                          = 3                                         {product} {ergonomic}
     uint ConcGCThreads                            = 1                                         {product} {ergonomic}
     uint G1ConcRefinementThreads                  = 4                                         {product} {ergonomic}
   size_t G1HeapRegionSize                         = 1048576                                   {product} {ergonomic}
    uintx GCDrainStackTargetSize                   = 64                                        {product} {ergonomic}
   size_t InitialHeapSize                          = 132120576                                 {product} {ergonomic}
   size_t MarkStackSize                            = 4194304                                   {product} {ergonomic}
   size_t MaxHeapSize                              = 2090860544                                {product} {ergonomic}
   size_t MinHeapDeltaBytes                        = 1048576                                   {product} {ergonomic}
    uintx NonNMethodCodeHeapSize                   = 5830732                                {pd product} {ergonomic}
    uintx NonProfiledCodeHeapSize                  = 122913754                              {pd product} {ergonomic}
    uintx ProfiledCodeHeapSize                     = 122913754                              {pd product} {ergonomic}
    uintx ReservedCodeCacheSize                    = 251658240                              {pd product} {ergonomic}
     bool SegmentedCodeCache                       = true                                      {product} {ergonomic}
     bool UseCompressedClassPointers               = true                                 {lp64_product} {ergonomic}
     bool UseCompressedOops                        = true                                 {lp64_product} {ergonomic}
     bool UseG1GC                                  = true                                      {product} {ergonomic}
     bool UseLargePagesIndividualAllocation        = false                                  {pd product} {ergonomic}

Logging:
Log output configuration:
 #0: stdout all=warning uptime,level,tags
 #1: stderr all=off uptime,level,tags

Environment Variables:
PATH=C:\Program Files\Eclipse Adoptium\jdk-11.0.13.8-hotspot\bin;C:\ProgramData\Oracle\Java\javapath;C:\windows\system32;C:\windows;C:\windows\System32\Wbem;C:\windows\System32\WindowsPowerShell\v1.0\;C:\windows\System32\OpenSSH\;C:\Program Files (x86)\NVIDIA Corporation\PhysX\Common;C:\Program Files\NVIDIA Corporation\NVIDIA NvDLISR;C:\WINDOWS\system32;C:\WINDOWS;C:\WINDOWS\System32\Wbem;C:\WINDOWS\System32\WindowsPowerShell\v1.0\;C:\WINDOWS\System32\OpenSSH\;C:\Program Files\Git\cmd;C:\Program Files\Microsoft VS Code\bin;C:\Users\sarap\AppData\Local\Microsoft\WindowsApps;
USERNAME=sarap
OS=Windows_NT
PROCESSOR_IDENTIFIER=Intel64 Family 6 Model 158 Stepping 11, GenuineIntel



---------------  S Y S T E M  ---------------

OS: Windows 10 , 64 bit Build 19041 (10.0.19041.1503)
OS uptime: 0 days 0:20 hours

CPU:total 4 (initial active 4) (4 cores per cpu, 1 threads per core) family 6 model 158 stepping 11 microcode 0xca, cmov, cx8, fxsr, mmx, sse, sse2, sse3, ssse3, sse4.1, sse4.2, popcnt, avx, avx2, aes, clmul, erms, 3dnowpref, lzcnt, tsc, tscinvbit, bmi1, bmi2, adx, fma

Memory: 4k page, system-wide physical 7975M (458M free)
TotalPageFile size 15115M (AvailPageFile size 118M)
current process WorkingSet (physical memory assigned to process): 10M, peak: 10M
current process commit charge ("private bytes"): 51M, peak: 177M

vm_info: OpenJDK 64-Bit Server VM (11.0.14+9-LTS) for windows-amd64 JRE (11.0.14+9-LTS), built on Jan 15 2022 01:18:46 by "Administrator" with unknown MS VC++:1916

END.
